[22:44:48] [Client thread/ERROR]: Can't find the resource index file: assets\indexes\1.8.json
[22:44:49] [Client thread/INFO]: Setting user: Player702
[22:44:49] [Client thread/INFO]: (Session ID is token:0:Player702)
[22:44:49] [Client thread/INFO]: LWJGL Version: 2.9.4
[22:44:50] [Client thread/INFO]: Reloading ResourceManager: Default
[22:44:50] [Sound Library Loader/INFO]: Starting up SoundSystem...
[22:44:50] [Thread-5/INFO]: Initializing LWJGL OpenAL
[22:44:50] [Thread-5/INFO]: (The LWJGL binding of OpenAL.  For more information, see http://www.lwjgl.org)
[22:44:50] [Thread-5/INFO]: OpenAL initialized.
[22:44:51] [Sound Library Loader/INFO]: Sound engine started
[22:44:51] [Client thread/INFO]: Created: 512x512 textures-atlas
[22:44:57] [Client thread/WARN]: Unable to play unknown soundEvent: minecraft:music.menu
[22:45:02] [Client thread/WARN]: Unable to play unknown soundEvent: minecraft:gui.button.press
[22:45:03] [Client thread/WARN]: Unable to play unknown soundEvent: minecraft:music.menu
[22:45:05] [Client thread/WARN]: Unable to play unknown soundEvent: minecraft:gui.button.press
[22:45:08] [Client thread/WARN]: Unable to play unknown soundEvent: minecraft:gui.button.press
[22:45:09] [Client thread/WARN]: Unable to play unknown soundEvent: minecraft:gui.button.press
[22:45:10] [Client thread/WARN]: Unable to play unknown soundEvent: minecraft:gui.button.press
[22:45:11] [Client thread/WARN]: Unable to play unknown soundEvent: minecraft:music.menu
[22:45:11] [Client thread/WARN]: Unable to play unknown soundEvent: minecraft:gui.button.press
[22:45:11] [Client thread/WARN]: Unable to play unknown soundEvent: minecraft:gui.button.press
[22:45:12] [Client thread/WARN]: Unable to play unknown soundEvent: minecraft:gui.button.press
[22:45:14] [Client thread/WARN]: Unable to play unknown soundEvent: minecraft:gui.button.press
[22:45:14] [Client thread/WARN]: Unable to play unknown soundEvent: minecraft:gui.button.press
[22:45:17] [Client thread/WARN]: Unable to play unknown soundEvent: minecraft:gui.button.press
[22:45:19] [Client thread/WARN]: Unable to play unknown soundEvent: minecraft:gui.button.press
[22:45:20] [Client thread/WARN]: Unable to play unknown soundEvent: minecraft:gui.button.press
[22:45:20] [Client thread/WARN]: Unable to play unknown soundEvent: minecraft:gui.button.press
[22:45:21] [Client thread/WARN]: Unable to play unknown soundEvent: minecraft:music.menu
[22:45:22] [Client thread/WARN]: Unable to play unknown soundEvent: minecraft:gui.button.press
[22:45:27] [Client thread/WARN]: Unable to play unknown soundEvent: minecraft:gui.button.press
[22:45:27] [Client thread/INFO]: Stopping!
[22:45:27] [Client thread/INFO]: SoundSystem shutting down...
[22:45:27] [Client thread/WARN]: Author: Paul Lamb, www.paulscode.com
